<?xml version="1.0" encoding="UTF-8"?>
<!-- Generated by org.testng.reporters.JUnitXMLReporter -->
<testsuite hostname="CPX-A9PR29BJFIU" name="TestAssessment" tests="2" failures="1" timestamp="26 Jun 2018 21:41:44 GMT" time="20.365" errors="0">
  <testcase name="feature" time="14.229" classname="runners.testRunner3"/>
  <testcase name="feature" time="19.439" classname="runners.testRunner1">
    <failure type="cucumber.runtime.CucumberException" message="java.lang.AssertionError: The following asserts failed:
	expected [AUTHENTICATION] but found [AUTHENTICATIONN]">
      <![CDATA[cucumber.runtime.CucumberException: java.lang.AssertionError: The following asserts failed:
	expected [AUTHENTICATION] but found [AUTHENTICATIONN]
	at cucumber.api.testng.TestNGCucumberRunner.runCucumber(TestNGCucumberRunner.java:69)
	at cucumber.api.testng.AbstractTestNGCucumberTests.feature(AbstractTestNGCucumberTests.java:21)
	at java.util.concurrent.ThreadPoolExecutor.runWorker(ThreadPoolExecutor.java:1149)
	at java.util.concurrent.ThreadPoolExecutor$Worker.run(ThreadPoolExecutor.java:624)
	at java.lang.Thread.run(Thread.java:748)
Caused by: java.lang.AssertionError: The following asserts failed:
	expected [AUTHENTICATION] but found [AUTHENTICATIONN]
	at stepDefinitions.Feature01.signOut(Feature01.java:165)
	at âœ½.And I click on SignOut button(Feature02.feature:14)
... Removed 11 stack frames]]>
    </failure>
  </testcase> <!-- feature -->
</testsuite> <!-- TestAssessment -->
