<?xml version="1.0" encoding="UTF-8"?>
<testng-results skipped="0" failed="1" total="2" passed="1">
  <reporter-output>
  </reporter-output>
  <suite name="suite1" duration-ms="20365" started-at="2018-06-26T21:41:24Z" finished-at="2018-06-26T21:41:44Z">
    <groups>
      <group name="cucumber">
        <method signature="AbstractTestNGCucumberTests.feature(cucumber.api.testng.CucumberFeatureWrapper)[pri:0, instance:runners.testRunner1@146ba0ac]" name="feature" class="cucumber.api.testng.AbstractTestNGCucumberTests"/>
        <method signature="AbstractTestNGCucumberTests.feature(cucumber.api.testng.CucumberFeatureWrapper)[pri:0, instance:runners.testRunner3@4dfa3a9d]" name="feature" class="cucumber.api.testng.AbstractTestNGCucumberTests"/>
      </group> <!-- cucumber -->
    </groups>
    <test name="TestAssessment" duration-ms="20365" started-at="2018-06-26T21:41:24Z" finished-at="2018-06-26T21:41:44Z">
      <class name="runners.testRunner3">
        <test-method status="PASS" signature="setUpClass()[pri:0, instance:runners.testRunner3@4dfa3a9d]" name="setUpClass" is-config="true" duration-ms="601" started-at="2018-06-26T22:41:24Z" finished-at="2018-06-26T22:41:24Z">
          <reporter-output>
          </reporter-output>
        </test-method> <!-- setUpClass -->
        <test-method status="PASS" signature="feature(cucumber.api.testng.CucumberFeatureWrapper)[pri:0, instance:runners.testRunner3@4dfa3a9d]" name="feature" duration-ms="14229" started-at="2018-06-26T22:41:24Z" description="Runs Cucumber Feature" data-provider="features" finished-at="2018-06-26T22:41:39Z">
          <params>
            <param index="0">
              <value>
                <![CDATA[Application tests that covers]]>
              </value>
            </param>
          </params>
          <reporter-output>
          </reporter-output>
        </test-method> <!-- feature -->
        <test-method status="PASS" signature="tearDownClass()[pri:0, instance:runners.testRunner3@4dfa3a9d]" name="tearDownClass" is-config="true" duration-ms="18" started-at="2018-06-26T22:41:39Z" finished-at="2018-06-26T22:41:39Z">
          <reporter-output>
          </reporter-output>
        </test-method> <!-- tearDownClass -->
      </class> <!-- runners.testRunner3 -->
      <class name="runners.testRunner1">
        <test-method status="PASS" signature="setUpClass()[pri:0, instance:runners.testRunner1@146ba0ac]" name="setUpClass" is-config="true" duration-ms="599" started-at="2018-06-26T22:41:24Z" finished-at="2018-06-26T22:41:24Z">
          <reporter-output>
          </reporter-output>
        </test-method> <!-- setUpClass -->
        <test-method status="FAIL" signature="feature(cucumber.api.testng.CucumberFeatureWrapper)[pri:0, instance:runners.testRunner1@146ba0ac]" name="feature" duration-ms="19439" started-at="2018-06-26T22:41:24Z" description="Runs Cucumber Feature" data-provider="features" finished-at="2018-06-26T22:41:44Z">
          <params>
            <param index="0">
              <value>
                <![CDATA[Application tests that covers]]>
              </value>
            </param>
          </params>
          <exception class="cucumber.runtime.CucumberException">
            <message>
              <![CDATA[java.lang.AssertionError: The following asserts failed:
	expected [AUTHENTICATION] but found [AUTHENTICATIONN]]]>
            </message>
            <full-stacktrace>
              <![CDATA[cucumber.runtime.CucumberException: java.lang.AssertionError: The following asserts failed:
	expected [AUTHENTICATION] but found [AUTHENTICATIONN]
	at cucumber.api.testng.TestNGCucumberRunner.runCucumber(TestNGCucumberRunner.java:69)
	at cucumber.api.testng.AbstractTestNGCucumberTests.feature(AbstractTestNGCucumberTests.java:21)
	at sun.reflect.NativeMethodAccessorImpl.invoke0(Native Method)
	at sun.reflect.NativeMethodAccessorImpl.invoke(NativeMethodAccessorImpl.java:62)
	at sun.reflect.DelegatingMethodAccessorImpl.invoke(DelegatingMethodAccessorImpl.java:43)
	at java.lang.reflect.Method.invoke(Method.java:498)
	at org.testng.internal.MethodInvocationHelper.invokeMethod(MethodInvocationHelper.java:86)
	at org.testng.internal.Invoker.invokeMethod(Invoker.java:643)
	at org.testng.internal.Invoker.invokeTestMethod(Invoker.java:820)
	at org.testng.internal.Invoker.invokeTestMethods(Invoker.java:1128)
	at org.testng.internal.TestMethodWorker.invokeTestMethods(TestMethodWorker.java:129)
	at org.testng.internal.TestMethodWorker.run(TestMethodWorker.java:112)
	at java.util.concurrent.ThreadPoolExecutor.runWorker(ThreadPoolExecutor.java:1149)
	at java.util.concurrent.ThreadPoolExecutor$Worker.run(ThreadPoolExecutor.java:624)
	at java.lang.Thread.run(Thread.java:748)
Caused by: java.lang.AssertionError: The following asserts failed:
	expected [AUTHENTICATION] but found [AUTHENTICATIONN]
	at org.testng.asserts.SoftAssert.assertAll(SoftAssert.java:43)
	at stepDefinitions.Feature01.signOut(Feature01.java:165)
	at âœ½.And I click on SignOut button(Feature02.feature:14)
]]>
            </full-stacktrace>
          </exception> <!-- cucumber.runtime.CucumberException -->
          <reporter-output>
          </reporter-output>
        </test-method> <!-- feature -->
        <test-method status="PASS" signature="tearDownClass()[pri:0, instance:runners.testRunner1@146ba0ac]" name="tearDownClass" is-config="true" duration-ms="135" started-at="2018-06-26T22:41:44Z" finished-at="2018-06-26T22:41:44Z">
          <reporter-output>
          </reporter-output>
        </test-method> <!-- tearDownClass -->
      </class> <!-- runners.testRunner1 -->
    </test> <!-- TestAssessment -->
  </suite> <!-- suite1 -->
</testng-results>
